<?xml version="1.0" encoding="UTF-8"?>
<!-- Generated by org.testng.reporters.JUnitXMLReporter -->
<testsuite ignored="0" hostname="DESKTOP-QMSQO3B" failures="0" tests="5" name="Register Demo Test Case" time="24.032" errors="0" timestamp="2022-08-26T10:22:55 IST">
  <testcase classname="com.telus.testcase.RegisterUserDemo" name="launchApplication" time="9.98"/>
  <testcase classname="com.telus.testcase.RegisterUserDemo" name="navigateToRegistrationForm" time="4.017"/>
  <testcase classname="com.telus.testcase.RegisterUserDemo" name="registerUser" time="8.923"/>
  <testcase classname="com.telus.testcase.RegisterUserDemo" name="validateSuccessfullMsg" time="0.515"/>
  <testcase classname="com.telus.testcase.RegisterUserDemo" name="closeApplication" time="0.386"/>
</testsuite> <!-- Register Demo Test Case -->
