<?xml version="1.0" encoding="UTF-8"?>
<testng-results ignored="0" total="5" passed="5" failed="0" skipped="0">
  <reporter-output>
  </reporter-output>
  <suite started-at="2022-08-26T10:22:31 IST" name="Automation Suite" finished-at="2022-08-26T10:22:55 IST" duration-ms="24032">
    <groups>
    </groups>
    <test started-at="2022-08-26T10:22:31 IST" name="Register Demo Test Case" finished-at="2022-08-26T10:22:55 IST" duration-ms="24032">
      <class name="com.telus.testcase.RegisterUserDemo">
        <test-method signature="launchApplication()[pri:1, instance:com.telus.testcase.RegisterUserDemo@1e04fa0a]" started-at="2022-08-26T10:22:31 IST" name="launchApplication" finished-at="2022-08-26T10:22:41 IST" duration-ms="9980" status="PASS">
          <reporter-output>
          </reporter-output>
        </test-method> <!-- launchApplication -->
        <test-method signature="navigateToRegistrationForm()[pri:2, instance:com.telus.testcase.RegisterUserDemo@1e04fa0a]" started-at="2022-08-26T10:22:41 IST" name="navigateToRegistrationForm" finished-at="2022-08-26T10:22:45 IST" duration-ms="4017" status="PASS">
          <reporter-output>
          </reporter-output>
        </test-method> <!-- navigateToRegistrationForm -->
        <test-method signature="registerUser()[pri:3, instance:com.telus.testcase.RegisterUserDemo@1e04fa0a]" started-at="2022-08-26T10:22:45 IST" name="registerUser" finished-at="2022-08-26T10:22:54 IST" duration-ms="8923" status="PASS">
          <reporter-output>
          </reporter-output>
        </test-method> <!-- registerUser -->
        <test-method signature="validateSuccessfullMsg()[pri:4, instance:com.telus.testcase.RegisterUserDemo@1e04fa0a]" started-at="2022-08-26T10:22:54 IST" name="validateSuccessfullMsg" finished-at="2022-08-26T10:22:55 IST" duration-ms="515" status="PASS">
          <reporter-output>
          </reporter-output>
        </test-method> <!-- validateSuccessfullMsg -->
        <test-method signature="closeApplication()[pri:5, instance:com.telus.testcase.RegisterUserDemo@1e04fa0a]" started-at="2022-08-26T10:22:55 IST" name="closeApplication" finished-at="2022-08-26T10:22:55 IST" duration-ms="386" status="PASS">
          <reporter-output>
          </reporter-output>
        </test-method> <!-- closeApplication -->
      </class> <!-- com.telus.testcase.RegisterUserDemo -->
    </test> <!-- Register Demo Test Case -->
  </suite> <!-- Automation Suite -->
</testng-results>
